[debug] [2026-03-15T13:49:42.241Z] ----------------------------------------------------------------------
[debug] [2026-03-15T13:49:42.243Z] Command:       /usr/local/bin/firebase /home/ty/.cache/firebase/tools/lib/node_modules/firebase-tools/lib/bin/firebase deploy --only hosting
[debug] [2026-03-15T13:49:42.243Z] CLI Version:   15.8.0
[debug] [2026-03-15T13:49:42.243Z] Platform:      linux
[debug] [2026-03-15T13:49:42.243Z] Node Version:  v20.18.2
[debug] [2026-03-15T13:49:42.244Z] Time:          Sun Mar 15 2026 14:49:42 GMT+0100 (West Africa Standard Time)
[debug] [2026-03-15T13:49:42.244Z] ----------------------------------------------------------------------
[debug] 
[debug] [2026-03-15T13:49:43.401Z] > command requires scopes: ["email","openid","https://www.googleapis.com/auth/cloudplatformprojects.readonly","https://www.googleapis.com/auth/firebase","https://www.googleapis.com/auth/cloud-platform"]
[debug] [2026-03-15T13:49:43.401Z] > authorizing via signed-in user (bryanpaulgoodmusic@gmail.com)
[debug] [2026-03-15T13:49:43.401Z] [iam] checking project web3-support for permissions ["firebase.projects.get","firebasehosting.sites.update"]
[debug] [2026-03-15T13:49:43.402Z] Checked if tokens are valid: true, expires at: 1773586165404
[debug] [2026-03-15T13:49:43.403Z] Checked if tokens are valid: true, expires at: 1773586165404
[debug] [2026-03-15T13:49:43.404Z] >>> [apiv2][query] POST https://cloudresourcemanager.googleapis.com/v1/projects/web3-support:testIamPermissions [none]
[debug] [2026-03-15T13:49:43.404Z] >>> [apiv2][(partial)header] POST https://cloudresourcemanager.googleapis.com/v1/projects/web3-support:testIamPermissions  x-goog-user-project=web3-support
[debug] [2026-03-15T13:49:43.404Z] >>> [apiv2][body] POST https://cloudresourcemanager.googleapis.com/v1/projects/web3-support:testIamPermissions {"permissions":["firebase.projects.get","firebasehosting.sites.update"]}
[debug] [2026-03-15T13:49:44.850Z] <<< [apiv2][status] POST https://cloudresourcemanager.googleapis.com/v1/projects/web3-support:testIamPermissions 400
[debug] [2026-03-15T13:49:44.850Z] <<< [apiv2][body] POST https://cloudresourcemanager.googleapis.com/v1/projects/web3-support:testIamPermissions {"error":{"code":400,"message":"Project 'projects/web3-support' not found or deleted.","status":"INVALID_ARGUMENT","details":[{"@type":"type.googleapis.com/google.rpc.ErrorInfo","reason":"USER_PROJECT_DENIED","domain":"googleapis.com","metadata":{"containerInfo":"projects/web3-support","service":"cloudresourcemanager.googleapis.com","consumer":"projects/web3-support"}}]}}
[debug] [2026-03-15T13:49:44.851Z] [iam] error while checking permissions, command may fail: Request to https://cloudresourcemanager.googleapis.com/v1/projects/web3-support:testIamPermissions had HTTP Error: 400, Project 'projects/web3-support' not found or deleted.
[debug] [2026-03-15T13:49:44.851Z] Checked if tokens are valid: true, expires at: 1773586165404
[debug] [2026-03-15T13:49:44.851Z] Checked if tokens are valid: true, expires at: 1773586165404
[debug] [2026-03-15T13:49:44.852Z] >>> [apiv2][query] GET https://firebase.googleapis.com/v1beta1/projects/web3-support [none]
[debug] [2026-03-15T13:49:45.653Z] <<< [apiv2][status] GET https://firebase.googleapis.com/v1beta1/projects/web3-support 403
[debug] [2026-03-15T13:49:45.653Z] <<< [apiv2][body] GET https://firebase.googleapis.com/v1beta1/projects/web3-support {"error":{"code":403,"message":"The caller does not have permission","status":"PERMISSION_DENIED"}}
[debug] [2026-03-15T13:49:45.653Z] Request to https://firebase.googleapis.com/v1beta1/projects/web3-support had HTTP Error: 403, The caller does not have permission
[debug] [2026-03-15T13:49:46.024Z] FirebaseError: Request to https://firebase.googleapis.com/v1beta1/projects/web3-support had HTTP Error: 403, The caller does not have permission
    at responseToError (/home/ty/.cache/firebase/tools/lib/node_modules/firebase-tools/lib/responseToError.js:53:12)
    at RetryOperation._fn (/home/ty/.cache/firebase/tools/lib/node_modules/firebase-tools/lib/apiv2.js:330:77)
    at process.processTicksAndRejections (node:internal/process/task_queues:95:5)
[error] 
[error] Error: Failed to get Firebase project web3-support. Please make sure the project exists and your account has permission to access it.
